<?xml version="1.0" encoding="UTF-8"?>
<!-- Generated by org.testng.reporters.JUnitXMLReporter -->
<testsuite hostname="DESKTOP-6N5U3RF" ignored="0" name="Command line test" tests="15" failures="0" timestamp="2020-10-20T13:12:15 IST" time="179.958" errors="0">
  <testcase name="validateHomePageTitleTest" time="0.007" classname="com.demoqa.qa.testcases.HomePageTest"/>
  <testcase name="validatePageHeaderTitleTest" time="0.387" classname="com.demoqa.qa.testcases.HomePageTest"/>
  <testcase name="clickOnTextBoxLinkTest" time="0.598" classname="com.demoqa.qa.testcases.HomePageTest"/>
  <testcase name="clickOnPracticeFormLinkTest" time="0.271" classname="com.demoqa.qa.testcases.HomePageTest"/>
  <testcase name="validateRegisterNewStudent" time="2.47" classname="com.demoqa.qa.testcases.PracticeFormPageTest"/>
  <testcase name="validateRegisterNewStudent" time="1.688" classname="com.demoqa.qa.testcases.PracticeFormPageTest"/>
  <testcase name="validateRegisterNewStudent" time="1.472" classname="com.demoqa.qa.testcases.PracticeFormPageTest"/>
  <testcase name="validateRegisterNewStudent" time="1.662" classname="com.demoqa.qa.testcases.PracticeFormPageTest"/>
  <testcase name="validateRegisterNewStudent" time="1.647" classname="com.demoqa.qa.testcases.PracticeFormPageTest"/>
  <testcase name="validateRegisterNewStudent" time="1.608" classname="com.demoqa.qa.testcases.PracticeFormPageTest"/>
  <testcase name="validateRegisterNewStudent" time="1.582" classname="com.demoqa.qa.testcases.PracticeFormPageTest"/>
  <testcase name="validateRegisterNewStudent" time="1.633" classname="com.demoqa.qa.testcases.PracticeFormPageTest"/>
  <testcase name="validateRegisterNewStudent" time="1.681" classname="com.demoqa.qa.testcases.PracticeFormPageTest"/>
  <testcase name="validatePageHeaderTitleTest" time="0.308" classname="com.demoqa.qa.testcases.TextBoxPageTest"/>
  <testcase name="validatePageHeadlineTest" time="0.198" classname="com.demoqa.qa.testcases.TextBoxPageTest"/>
</testsuite> <!-- Command line test -->
