<?xml version="1.0" encoding="UTF-8" ?>
<testsuite tests="15" failures="0" name="TestSuite" time="17.218" errors="0" skipped="0">
  <properties>
[...]
</properties>
  <testcase classname="com.demoqa.qa.testcases.HomePageTest" name="validateHomePageTitleTest" time="0.013"/>
  <testcase classname="com.demoqa.qa.testcases.HomePageTest" name="validatePageHeaderTitleTest" time="0.387"/>
  <testcase classname="com.demoqa.qa.testcases.HomePageTest" name="clickOnTextBoxLinkTest" time="0.598"/>
  <testcase classname="com.demoqa.qa.testcases.HomePageTest" name="clickOnPracticeFormLinkTest" time="0.27"/>
  <testcase classname="com.demoqa.qa.testcases.PracticeFormPageTest" name="validateRegisterNewStudent" time="2.471"/>
  <testcase classname="com.demoqa.qa.testcases.PracticeFormPageTest" name="validateRegisterNewStudent" time="1.689"/>
  <testcase classname="com.demoqa.qa.testcases.PracticeFormPageTest" name="validateRegisterNewStudent" time="1.473"/>
  <testcase classname="com.demoqa.qa.testcases.PracticeFormPageTest" name="validateRegisterNewStudent" time="1.662"/>
  <testcase classname="com.demoqa.qa.testcases.PracticeFormPageTest" name="validateRegisterNewStudent" time="1.647"/>
  <testcase classname="com.demoqa.qa.testcases.PracticeFormPageTest" name="validateRegisterNewStudent" time="1.608"/>
  <testcase classname="com.demoqa.qa.testcases.PracticeFormPageTest" name="validateRegisterNewStudent" time="1.581"/>
  <testcase classname="com.demoqa.qa.testcases.PracticeFormPageTest" name="validateRegisterNewStudent" time="1.633"/>
  <testcase classname="com.demoqa.qa.testcases.PracticeFormPageTest" name="validateRegisterNewStudent" time="1.681"/>
  <testcase classname="com.demoqa.qa.testcases.TextBoxPageTest" name="validatePageHeaderTitleTest" time="0.308"/>
  <testcase classname="com.demoqa.qa.testcases.TextBoxPageTest" name="validatePageHeadlineTest" time="0.197"/>
</testsuite>